<?xml version="1.0" encoding="UTF-8"?>
<!-- Generated by org.testng.reporters.JUnitXMLReporter -->
<testsuite ignored="0" hostname="Ajay" failures="2" tests="5" name="OpenCartTest" time="75.265" errors="0" timestamp="2023-04-06T18:03:14 IST">
  <testcase classname="testCases.TC_003_LoginDDT" name="test_loginDDT" time="11.515">
    <failure type="java.lang.AssertionError" message="expected [true] but found [false]">
      <![CDATA[java.lang.AssertionError: expected [true] but found [false]
at testCases.TC_003_LoginDDT.test_loginDDT(TC_003_LoginDDT.java:49)
at java.base/java.util.ArrayList.forEach(ArrayList.java:1511)
... Removed 31 stack frames]]>
    </failure>
  </testcase> <!-- test_loginDDT -->
  <testcase classname="testCases.TC_003_LoginDDT" name="test_loginDDT" time="12.099"/>
  <testcase classname="testCases.TC_003_LoginDDT" name="test_loginDDT" time="12.237"/>
  <testcase classname="testCases.TC_003_LoginDDT" name="test_loginDDT" time="10.974"/>
  <testcase classname="testCases.TC_003_LoginDDT" name="test_loginDDT" time="10.945">
    <failure type="java.lang.AssertionError" message="expected [true] but found [false]">
      <![CDATA[java.lang.AssertionError: expected [true] but found [false]
at testCases.TC_003_LoginDDT.test_loginDDT(TC_003_LoginDDT.java:49)
at java.base/java.util.ArrayList.forEach(ArrayList.java:1511)
... Removed 31 stack frames]]>
    </failure>
  </testcase> <!-- test_loginDDT -->
</testsuite> <!-- OpenCartTest -->
